
         Lattice Mapping Report File for Design Module 'kilsyth_top'


Design Information
------------------

Command line:   map -a ECP5U -p LFE5U-12F -t CABGA381 -s 6 -oc Commercial
     kilsyth_bootloader.ngd -o kilsyth_bootloader_map.ncd -pr
     kilsyth_bootloader.prf -mp kilsyth_bootloader.mrp -lpf /home/konrad/dev/Kil
     syth/gateware/bootloader/bootloader/kilsyth_bootloader.lpf -lpf
     /home/konrad/dev/Kilsyth/gateware/bootloader/kilsyth.lpf -gui -msgset
     /home/konrad/dev/Kilsyth/gateware/bootloader/promote.xml 
Target Vendor:  LATTICE
Target Device:  LFE5U-12FCABGA381
Target Performance:   6
Mapper:  sa5p00,  version:  Diamond (64-bit) 3.10.3.144.3
Mapped on:  12/21/18  01:39:43

Design Summary
--------------

   Number of registers:     44 out of 12687 (0%)
      PFU registers:           44 out of 12096 (0%)
      PIO registers:            0 out of   591 (0%)
   Number of SLICEs:        30 out of  6048 (0%)
      SLICEs as Logic/ROM:     30 out of  6048 (0%)
      SLICEs as RAM:            0 out of  4536 (0%)
      SLICEs as Carry:         13 out of  6048 (0%)
   Number of LUT4s:         44 out of 12096 (0%)
      Number used as logic LUTs:         18
      Number used as distributed RAM:     0
      Number used as ripple logic:       26
      Number used as shift registers:     0
   Number of PIO sites used: 33 out of 197 (17%)
   Number of block RAMs:  0 out of 32 (0%)
   Number of GSRs:  0 out of 1 (0%)
   JTAG used :      No
   Readback used :  No
   Oscillator used :  No
   Startup used :   No
   DTR used :   No
   Number of Dynamic Bank Controller (BCINRD):  0 out of 4 (0%)
   Number of Dynamic Bank Controller (BCLVDSOB):  0 out of 4 (0%)
   Number of DCC:  0 out of 60 (0%)
   Number of DCS:  0 out of 2 (0%)
   Number of PLLs:  0 out of 2 (0%)
   Number of DDRDLLs:  0 out of 4 (0%)
   Number of CLKDIV:  0 out of 4 (0%)
   Number of ECLKSYNC:  0 out of 10 (0%)
   Number of ECLKBRIDGECS:  0 out of 2 (0%)
   Notes:-
      1. Total number of LUT4s = (Number of logic LUT4s) + 2*(Number of
     distributed RAMs) + 2*(Number of ripple logic)
      2. Number of logic LUT4s does not include count of distributed RAM and
     ripple logic.

        Number Of Mapped DSP Components:
   --------------------------------
   MULT18X18D          0
   MULT9X9D            0
   ALU54B              0

                                    Page 1




Design:  kilsyth_top                                   Date:  12/21/18  01:39:43

Design Summary (cont)
---------------------
   ALU24B              0
   PRADD18A            0
   PRADD9A             0
   --------------------------------
   Number of Used DSP MULT Sites:  0 out of 56 (0 %)
   Number of Used DSP ALU Sites:  0 out of 28 (0 %)
   Number of Used DSP PRADD Sites:  0 out of 56 (0 %)
   Number of clocks:  2
     Net i_clk16_c: 16 loads, 16 rising, 0 falling (Driver: PIO i_clk16 )
     Net i_ft_clk_c: 11 loads, 11 rising, 0 falling (Driver: PIO i_ft_clk )
   Number of Clock Enables:  5
     Net i_ft_clk_c_enable_3: 3 loads, 3 LSLICEs
     Net i_ft_clk_c_enable_4: 1 loads, 1 LSLICEs
     Net i_ft_clk_c_enable_9: 2 loads, 2 LSLICEs
     Net i_ft_clk_c_enable_6: 1 loads, 1 LSLICEs
     Net i_ft_clk_c_enable_7: 1 loads, 1 LSLICEs
   Number of LSRs:  1
     Net n1032: 2 loads, 2 LSLICEs
   Number of nets driven by tri-state buffers:  0
   Top 10 highest fanout non-clock nets:
     Net ft_data_dir: 18 loads
     Net state_1: 13 loads
     Net state_0: 12 loads
     Net state_2: 7 loads
     Net ft_data_buf_7: 6 loads
     Net i_ft_rxf_n_c: 6 loads
     Net i_ft_txe_n_c: 6 loads
     Net wants_to_write: 6 loads
     Net i_ft_clk_c_enable_3: 3 loads
     Net counter_23: 2 loads




   Number of warnings:  3
   Number of errors:    0
     

Design Errors/Warnings
----------------------

WARNING - map: /home/konrad/dev/Kilsyth/gateware/bootloader/kilsyth.lpf(72):
     Semantic error in "IOBUF PORT "io_ft_gpio1" IO_TYPE=LVCMOS33 ;": Port
     "io_ft_gpio1" does not exist in the design. This preference has been
     disabled.
WARNING - map: input pad net 'io_ft_gpio1' has no legal load.
WARNING - map: IO buffer missing for top level port io_ft_gpio1...logic will be
     discarded.

IO (PIO) Attributes
-------------------

+---------------------+-----------+-----------+------------+
| IO Name             | Direction | Levelmode | IO         |
|                     |           |  IO_TYPE  | Register   |
+---------------------+-----------+-----------+------------+

                                    Page 2




Design:  kilsyth_top                                   Date:  12/21/18  01:39:43

IO (PIO) Attributes (cont)
--------------------------
| io_ft_be[1]         | BIDIR     | LVCMOS33  |            |
+---------------------+-----------+-----------+------------+
| io_ft_be[0]         | BIDIR     | LVCMOS33  |            |
+---------------------+-----------+-----------+------------+
| io_ft_data[15]      | OUTPUT    | LVCMOS33  |            |
+---------------------+-----------+-----------+------------+
| io_ft_data[14]      | OUTPUT    | LVCMOS33  |            |
+---------------------+-----------+-----------+------------+
| io_ft_data[13]      | OUTPUT    | LVCMOS33  |            |
+---------------------+-----------+-----------+------------+
| io_ft_data[12]      | OUTPUT    | LVCMOS33  |            |
+---------------------+-----------+-----------+------------+
| io_ft_data[11]      | OUTPUT    | LVCMOS33  |            |
+---------------------+-----------+-----------+------------+
| io_ft_data[10]      | OUTPUT    | LVCMOS33  |            |
+---------------------+-----------+-----------+------------+
| io_ft_data[9]       | OUTPUT    | LVCMOS33  |            |
+---------------------+-----------+-----------+------------+
| io_ft_data[8]       | OUTPUT    | LVCMOS33  |            |
+---------------------+-----------+-----------+------------+
| io_ft_data[7]       | OUTPUT    | LVCMOS33  |            |
+---------------------+-----------+-----------+------------+
| io_ft_data[6]       | OUTPUT    | LVCMOS33  |            |
+---------------------+-----------+-----------+------------+
| io_ft_data[5]       | OUTPUT    | LVCMOS33  |            |
+---------------------+-----------+-----------+------------+
| io_ft_data[4]       | OUTPUT    | LVCMOS33  |            |
+---------------------+-----------+-----------+------------+
| io_ft_data[3]       | OUTPUT    | LVCMOS33  |            |
+---------------------+-----------+-----------+------------+
| io_ft_data[2]       | OUTPUT    | LVCMOS33  |            |
+---------------------+-----------+-----------+------------+
| io_ft_data[1]       | OUTPUT    | LVCMOS33  |            |
+---------------------+-----------+-----------+------------+
| io_ft_data[0]       | OUTPUT    | LVCMOS33  |            |
+---------------------+-----------+-----------+------------+
| o_ft_wr_n           | OUTPUT    | LVCMOS33  |            |
+---------------------+-----------+-----------+------------+
| o_ft_rd_n           | OUTPUT    | LVCMOS33  |            |
+---------------------+-----------+-----------+------------+
| io_ft_oe_n          | OUTPUT    | LVCMOS33  |            |
+---------------------+-----------+-----------+------------+
| o_leds[7]           | OUTPUT    | LVCMOS33  |            |
+---------------------+-----------+-----------+------------+
| o_leds[6]           | OUTPUT    | LVCMOS33  |            |
+---------------------+-----------+-----------+------------+
| o_leds[5]           | OUTPUT    | LVCMOS33  |            |
+---------------------+-----------+-----------+------------+
| o_leds[4]           | OUTPUT    | LVCMOS33  |            |
+---------------------+-----------+-----------+------------+
| o_leds[3]           | OUTPUT    | LVCMOS33  |            |
+---------------------+-----------+-----------+------------+
| o_leds[2]           | OUTPUT    | LVCMOS33  |            |
+---------------------+-----------+-----------+------------+
| o_leds[1]           | OUTPUT    | LVCMOS33  |            |
+---------------------+-----------+-----------+------------+

                                    Page 3




Design:  kilsyth_top                                   Date:  12/21/18  01:39:43

IO (PIO) Attributes (cont)
--------------------------
| o_leds[0]           | OUTPUT    | LVCMOS33  |            |
+---------------------+-----------+-----------+------------+
| i_clk16             | INPUT     | LVCMOS33  |            |
+---------------------+-----------+-----------+------------+
| i_ft_clk            | INPUT     | LVCMOS33  |            |
+---------------------+-----------+-----------+------------+
| i_ft_txe_n          | INPUT     | LVCMOS33  |            |
+---------------------+-----------+-----------+------------+
| i_ft_rxf_n          | INPUT     | LVCMOS33  |            |
+---------------------+-----------+-----------+------------+

Removed logic
-------------

Block GSR_INST undriven or does not drive anything - clipped.
Signal n1158 was merged into signal ft_data_dir
Signal VCC_net undriven or does not drive anything - clipped.
Signal counter_296_302_add_4_25/S1 undriven or does not drive anything -
     clipped.
Signal counter_296_302_add_4_25/CO undriven or does not drive anything -
     clipped.
Signal counter_296_302_add_4_1/S0 undriven or does not drive anything - clipped.
     
Signal counter_296_302_add_4_1/CI undriven or does not drive anything - clipped.
     
Block i308_1_lut was optimized away.
Block i2 was optimized away.

Memory Usage
------------


     

Run Time and Memory Usage
-------------------------

   Total CPU Time: 0 secs  
   Total REAL Time: 0 secs  
   Peak Memory Usage: 264 MB
        
















                                    Page 4


Copyright (c) 1991-1994 by NeoCAD Inc. All rights reserved.
     Copyright (c) 1995 AT&T Corp.   All rights reserved.
     Copyright (c) 1995-2001 Lucent Technologies Inc.  All rights reserved.
     Copyright (c) 2001 Agere Systems   All rights reserved.
     Copyright (c) 2002-2017 Lattice Semiconductor Corporation,  All rights
     reserved.
